<?xml version="1.0" encoding="UTF-8"?>
<!-- Generated by org.testng.reporters.JUnitReportReporter -->
<testsuite hostname="LAPTOP-1JBG6S60" failures="0" tests="1" name="testCases.TC_01_AccountRegistrationPage" time="3.774" errors="0" timestamp="2024-06-30T19:01:28 IST" skipped="0">
  <testcase classname="testCases.TC_01_AccountRegistrationPage" name="verify_accoun_registation" time="3.774"/>
</testsuite> <!-- testCases.TC_01_AccountRegistrationPage -->
