<?xml version="1.0" encoding="UTF-8"?>
<!-- Generated by org.testng.reporters.JUnitReportReporter -->
<testsuite hostname="LAPTOP-1JBG6S60" failures="0" tests="1" name="testCases.TC_002_LoginTest" time="5.402" errors="0" timestamp="2024-06-24T23:30:43 IST" skipped="0">
  <testcase classname="testCases.TC_002_LoginTest" name="verify_login" time="5.402"/>
</testsuite> <!-- testCases.TC_002_LoginTest -->
